<?xml version="1.0" encoding="UTF-8"?>
<testng-results skipped="0" failed="0" ignored="0" total="0" passed="0">
  <reporter-output>
  </reporter-output>
  <suite name="com.key2act.work.Key2ActWork.AppTest" duration-ms="6" started-at="2020-01-04T05:14:47Z" finished-at="2020-01-04T05:14:47Z">
    <groups>
    </groups>
    <test name="Command line test" duration-ms="6" started-at="2020-01-04T05:14:47Z" finished-at="2020-01-04T05:14:47Z">
    </test> <!-- Command line test -->
  </suite> <!-- com.key2act.work.Key2ActWork.AppTest -->
</testng-results>
